gyp info it worked if it ends with ok
gyp info using node-gyp@10.0.1
gyp info using node@21.6.2 | darwin | arm64
gyp info find Python using Python version 3.9.6 found at "/Library/Developer/CommandLineTools/usr/bin/python3"
gyp info spawn /Library/Developer/CommandLineTools/usr/bin/python3
gyp info spawn args [
gyp info spawn args '/opt/homebrew/lib/node_modules/npm/node_modules/node-gyp/gyp/gyp_main.py',
gyp info spawn args 'binding.gyp',
gyp info spawn args '-f',
gyp info spawn args 'make',
gyp info spawn args '-I',
gyp info spawn args '/Users/duck/Downloads/3-column-preview-card-component-main/node_modules/ws/build/config.gypi',
gyp info spawn args '-I',
gyp info spawn args '/opt/homebrew/lib/node_modules/npm/node_modules/node-gyp/addon.gypi',
gyp info spawn args '-I',
gyp info spawn args '/Users/duck/Library/Caches/node-gyp/21.6.2/include/node/common.gypi',
gyp info spawn args '-Dlibrary=shared_library',
gyp info spawn args '-Dvisibility=default',
gyp info spawn args '-Dnode_root_dir=/Users/duck/Library/Caches/node-gyp/21.6.2',
gyp info spawn args '-Dnode_gyp_dir=/opt/homebrew/lib/node_modules/npm/node_modules/node-gyp',
gyp info spawn args '-Dnode_lib_file=/Users/duck/Library/Caches/node-gyp/21.6.2/<(target_arch)/node.lib',
gyp info spawn args '-Dmodule_root_dir=/Users/duck/Downloads/3-column-preview-card-component-main/node_modules/ws',
gyp info spawn args '-Dnode_engine=v8',
gyp info spawn args '--depth=.',
gyp info spawn args '--no-parallel',
gyp info spawn args '--generator-output',
gyp info spawn args 'build',
gyp info spawn args '-Goutput_dir=.'
gyp info spawn args ]
gyp info spawn make
gyp info spawn args [ 'BUILDTYPE=Release', '-C', 'build' ]
In file included from ../src/bufferutil.cc:15:
/Users/duck/Downloads/3-column-preview-card-component-main/node_modules/nan/nan.h:111:23: error: no matching member function for call to 'Has'
      || !optionsObj->Has(opt)
          ~~~~~~~~~~~~^~~
/Users/duck/Library/Caches/node-gyp/21.6.2/include/node/v8-object.h:334:37: note: candidate function not viable: requires 2 arguments, but 1 was provided
  V8_WARN_UNUSED_RESULT Maybe<bool> Has(Local<Context> context,
                                    ^
/Users/duck/Library/Caches/node-gyp/21.6.2/include/node/v8-object.h:340:37: note: candidate function not viable: requires 2 arguments, but 1 was provided
  V8_WARN_UNUSED_RESULT Maybe<bool> Has(Local<Context> context, uint32_t index);
                                    ^
In file included from ../src/bufferutil.cc:15:
/Users/duck/Downloads/3-column-preview-card-component-main/node_modules/nan/nan.h:112:22: error: no matching member function for call to 'Get'
      || optionsObj->Get(opt)->BooleanValue();
         ~~~~~~~~~~~~^~~
/Users/duck/Library/Caches/node-gyp/21.6.2/include/node/v8-object.h:298:43: note: candidate function not viable: requires 2 arguments, but 1 was provided
  V8_WARN_UNUSED_RESULT MaybeLocal<Value> Get(Local<Context> context,
                                          ^
/Users/duck/Library/Caches/node-gyp/21.6.2/include/node/v8-object.h:301:43: note: candidate function not viable: requires 2 arguments, but 1 was provided
  V8_WARN_UNUSED_RESULT MaybeLocal<Value> Get(Local<Context> context,
                                          ^
In file included from ../src/bufferutil.cc:15:
/Users/duck/Downloads/3-column-preview-card-component-main/node_modules/nan/nan.h:115:22: error: no matching member function for call to 'Has'
      && optionsObj->Has(opt)
         ~~~~~~~~~~~~^~~
/Users/duck/Library/Caches/node-gyp/21.6.2/include/node/v8-object.h:334:37: note: candidate function not viable: requires 2 arguments, but 1 was provided
  V8_WARN_UNUSED_RESULT Maybe<bool> Has(Local<Context> context,
                                    ^
/Users/duck/Library/Caches/node-gyp/21.6.2/include/node/v8-object.h:340:37: note: candidate function not viable: requires 2 arguments, but 1 was provided
  V8_WARN_UNUSED_RESULT Maybe<bool> Has(Local<Context> context, uint32_t index);
                                    ^
In file included from ../src/bufferutil.cc:15:
/Users/duck/Downloads/3-column-preview-card-component-main/node_modules/nan/nan.h:116:22: error: no matching member function for call to 'Get'
      && optionsObj->Get(opt)->BooleanValue();
         ~~~~~~~~~~~~^~~
/Users/duck/Library/Caches/node-gyp/21.6.2/include/node/v8-object.h:298:43: note: candidate function not viable: requires 2 arguments, but 1 was provided
  V8_WARN_UNUSED_RESULT MaybeLocal<Value> Get(Local<Context> context,
                                          ^
/Users/duck/Library/Caches/node-gyp/21.6.2/include/node/v8-object.h:301:43: note: candidate function not viable: requires 2 arguments, but 1 was provided
  V8_WARN_UNUSED_RESULT MaybeLocal<Value> Get(Local<Context> context,
                                          ^
In file included from ../src/bufferutil.cc:15:
/Users/duck/Downloads/3-column-preview-card-component-main/node_modules/nan/nan.h:132:20: error: no matching member function for call to 'Has'
    && optionsObj->Has(opt)
       ~~~~~~~~~~~~^~~
/Users/duck/Library/Caches/node-gyp/21.6.2/include/node/v8-object.h:334:37: note: candidate function not viable: requires 2 arguments, but 1 was provided
  V8_WARN_UNUSED_RESULT Maybe<bool> Has(Local<Context> context,
                                    ^
/Users/duck/Library/Caches/node-gyp/21.6.2/include/node/v8-object.h:340:37: note: candidate function not viable: requires 2 arguments, but 1 was provided
  V8_WARN_UNUSED_RESULT Maybe<bool> Has(Local<Context> context, uint32_t index);
                                    ^
In file included from ../src/bufferutil.cc:15:
/Users/duck/Downloads/3-column-preview-card-component-main/node_modules/nan/nan.h:133:20: error: no matching member function for call to 'Get'
    && optionsObj->Get(opt)->IsNumber()
       ~~~~~~~~~~~~^~~
/Users/duck/Library/Caches/node-gyp/21.6.2/include/node/v8-object.h:298:43: note: candidate function not viable: requires 2 arguments, but 1 was provided
  V8_WARN_UNUSED_RESULT MaybeLocal<Value> Get(Local<Context> context,
                                          ^
/Users/duck/Library/Caches/node-gyp/21.6.2/include/node/v8-object.h:301:43: note: candidate function not viable: requires 2 arguments, but 1 was provided
  V8_WARN_UNUSED_RESULT MaybeLocal<Value> Get(Local<Context> context,
                                          ^
In file included from ../src/bufferutil.cc:15:
/Users/duck/Downloads/3-column-preview-card-component-main/node_modules/nan/nan.h:134:21: error: no matching member function for call to 'Get'
      ? optionsObj->Get(opt)->Uint32Value()
        ~~~~~~~~~~~~^~~
/Users/duck/Library/Caches/node-gyp/21.6.2/include/node/v8-object.h:298:43: note: candidate function not viable: requires 2 arguments, but 1 was provided
  V8_WARN_UNUSED_RESULT MaybeLocal<Value> Get(Local<Context> context,
                                          ^
/Users/duck/Library/Caches/node-gyp/21.6.2/include/node/v8-object.h:301:43: note: candidate function not viable: requires 2 arguments, but 1 was provided
  V8_WARN_UNUSED_RESULT MaybeLocal<Value> Get(Local<Context> context,
                                          ^
In file included from ../src/bufferutil.cc:15:
/Users/duck/Downloads/3-column-preview-card-component-main/node_modules/nan/nan.h:213:5: error: no member named 'ThrowException' in namespace 'v8'
    _NAN_THROW_ERROR(v8::Exception::Error, errmsg);
    ^~~~~~~~~~~~~~~~~~~~~~~~~~~~~~~~~~~~~~~~~~~~~~
/Users/duck/Downloads/3-column-preview-card-component-main/node_modules/nan/nan.h:209:11: note: expanded from macro '_NAN_THROW_ERROR'
      v8::ThrowException(fun(v8::String::New(errmsg)));                        \
      ~~~~^
/Users/duck/Downloads/3-column-preview-card-component-main/node_modules/nan/nan.h:213:5: error: no member named 'New' in 'v8::String'
    _NAN_THROW_ERROR(v8::Exception::Error, errmsg);
    ^~~~~~~~~~~~~~~~~~~~~~~~~~~~~~~~~~~~~~~~~~~~~~
/Users/duck/Downloads/3-column-preview-card-component-main/node_modules/nan/nan.h:209:42: note: expanded from macro '_NAN_THROW_ERROR'
      v8::ThrowException(fun(v8::String::New(errmsg)));                        \
                             ~~~~~~~~~~~~^
/Users/duck/Downloads/3-column-preview-card-component-main/node_modules/nan/nan.h:218:9: error: no type named 'ThrowException' in namespace 'v8'
    v8::ThrowException(error);
    ~~~~^
/Users/duck/Downloads/3-column-preview-card-component-main/node_modules/nan/nan.h:222:65: error: no member named 'New' in 'v8::String'
    v8::Local<v8::Value> err = v8::Exception::Error(v8::String::New(msg));
                                                    ~~~~~~~~~~~~^
/Users/duck/Downloads/3-column-preview-card-component-main/node_modules/nan/nan.h:224:65: error: too few arguments to function call, expected 2, have 1
    obj->Set(v8::String::New("code"), v8::Int32::New(errorNumber));
                                      ~~~~~~~~~~~~~~            ^
/Users/duck/Library/Caches/node-gyp/21.6.2/include/node/v8-primitive.h:675:25: note: 'New' declared here
  static Local<Integer> New(Isolate* isolate, int32_t value);
                        ^
In file included from ../src/bufferutil.cc:15:
/Users/duck/Downloads/3-column-preview-card-component-main/node_modules/nan/nan.h:224:26: error: no member named 'New' in 'v8::String'
    obj->Set(v8::String::New("code"), v8::Int32::New(errorNumber));
             ~~~~~~~~~~~~^
/Users/duck/Downloads/3-column-preview-card-component-main/node_modules/nan/nan.h:229:5: error: no member named 'ThrowException' in namespace 'v8'
    _NAN_THROW_ERROR(v8::Exception::TypeError, errmsg);
    ^~~~~~~~~~~~~~~~~~~~~~~~~~~~~~~~~~~~~~~~~~~~~~~~~~
/Users/duck/Downloads/3-column-preview-card-component-main/node_modules/nan/nan.h:209:11: note: expanded from macro '_NAN_THROW_ERROR'
      v8::ThrowException(fun(v8::String::New(errmsg)));                        \
      ~~~~^
/Users/duck/Downloads/3-column-preview-card-component-main/node_modules/nan/nan.h:229:5: error: no member named 'New' in 'v8::String'
    _NAN_THROW_ERROR(v8::Exception::TypeError, errmsg);
    ^~~~~~~~~~~~~~~~~~~~~~~~~~~~~~~~~~~~~~~~~~~~~~~~~~
/Users/duck/Downloads/3-column-preview-card-component-main/node_modules/nan/nan.h:209:42: note: expanded from macro '_NAN_THROW_ERROR'
      v8::ThrowException(fun(v8::String::New(errmsg)));                        \
                             ~~~~~~~~~~~~^
/Users/duck/Downloads/3-column-preview-card-component-main/node_modules/nan/nan.h:233:5: error: no member named 'ThrowException' in namespace 'v8'
    _NAN_THROW_ERROR(v8::Exception::RangeError, errmsg);
    ^~~~~~~~~~~~~~~~~~~~~~~~~~~~~~~~~~~~~~~~~~~~~~~~~~~
/Users/duck/Downloads/3-column-preview-card-component-main/node_modules/nan/nan.h:209:11: note: expanded from macro '_NAN_THROW_ERROR'
      v8::ThrowException(fun(v8::String::New(errmsg)));                        \
      ~~~~^
/Users/duck/Downloads/3-column-preview-card-component-main/node_modules/nan/nan.h:233:5: error: no member named 'New' in 'v8::String'
    _NAN_THROW_ERROR(v8::Exception::RangeError, errmsg);
    ^~~~~~~~~~~~~~~~~~~~~~~~~~~~~~~~~~~~~~~~~~~~~~~~~~~
/Users/duck/Downloads/3-column-preview-card-component-main/node_modules/nan/nan.h:209:42: note: expanded from macro '_NAN_THROW_ERROR'
      v8::ThrowException(fun(v8::String::New(errmsg)));                        \
                             ~~~~~~~~~~~~^
/Users/duck/Downloads/3-column-preview-card-component-main/node_modules/nan/nan.h:244:13: error: no member named 'smalloc' in namespace 'node'
      node::smalloc::FreeCallback callback,
      ~~~~~~^
/Users/duck/Downloads/3-column-preview-card-component-main/node_modules/nan/nan.h:251:12: error: no matching function for call to 'New'
    return node::Buffer::New(data, size);
           ^~~~~~~~~~~~~~~~~
/Users/duck/Library/Caches/node-gyp/21.6.2/include/node/node_buffer.h:49:40: note: candidate function not viable: no known conversion from 'char *' to 'v8::Isolate *' for 1st argument
NODE_EXTERN v8::MaybeLocal<v8::Object> New(v8::Isolate* isolate, size_t length);
                                       ^
/Users/duck/Library/Caches/node-gyp/21.6.2/include/node/node_buffer.h:52:40: note: candidate function not viable: no known conversion from 'char *' to 'v8::Isolate *' for 1st argument
NODE_EXTERN v8::MaybeLocal<v8::Object> New(v8::Isolate* isolate,
                                       ^
/Users/duck/Library/Caches/node-gyp/21.6.2/include/node/node_buffer.h:64:40: note: candidate function not viable: requires 3 arguments, but 2 were provided
NODE_EXTERN v8::MaybeLocal<v8::Object> New(v8::Isolate* isolate,
                                       ^
/Users/duck/Library/Caches/node-gyp/21.6.2/include/node/node_buffer.h:69:44: note: candidate function not viable: requires 4 arguments, but 2 were provided
NODE_EXTERN v8::MaybeLocal<v8::Uint8Array> New(v8::Isolate* isolate,
                                           ^
/Users/duck/Library/Caches/node-gyp/21.6.2/include/node/node_buffer.h:57:40: note: candidate function not viable: requires 5 arguments, but 2 were provided
NODE_EXTERN v8::MaybeLocal<v8::Object> New(v8::Isolate* isolate,
                                       ^
fatal error: too many errors emitted, stopping now [-ferror-limit=]
20 errors generated.
make: *** [Release/obj.target/bufferutil/src/bufferutil.o] Error 1
gyp ERR! build error 
gyp ERR! stack Error: `make` failed with exit code: 2
gyp ERR! stack at ChildProcess.<anonymous> (/opt/homebrew/lib/node_modules/npm/node_modules/node-gyp/lib/build.js:209:23)
gyp ERR! System Darwin 23.3.0
gyp ERR! command "/opt/homebrew/Cellar/node/21.6.2_1/bin/node" "/opt/homebrew/lib/node_modules/npm/node_modules/node-gyp/bin/node-gyp.js" "rebuild"
gyp ERR! cwd /Users/duck/Downloads/3-column-preview-card-component-main/node_modules/ws
gyp ERR! node -v v21.6.2
gyp ERR! node-gyp -v v10.0.1
gyp ERR! not ok 
